<?xml version="1.0" encoding="UTF-8"?>
<!-- Generated by org.testng.reporters.JUnitReportReporter -->
<testsuite skipped="0" hostname="vnikolic" name="test.api.automation.TC_002_BDDOptions" tests="1" failures="0" timestamp="01 Feb 2019 14:40:57 GMT" time="3.908" errors="0">
  <testcase name="tc_001_getMethod_validation" time="3.908" classname="test.api.automation.TC_002_BDDOptions"/>
</testsuite> <!-- test.api.automation.TC_002_BDDOptions -->
